PZSPLLPRLLRPSLYZYYZPZYLYLPSZYSRL
LZLLPYZRLLSLSZRPSPYRPZRRYPYYYLRY
YLPLPLSSLPLPYSZLYSLLYZLLRZRPRYSZ
ZZRYPLLPRZSRYRSPPPSLYZLLZPYRRPLL
RYZLYZLYPLRPZZYRZRSYYZPRPLSSPPLL
RSPRLPLLZPPSRRRPYZZYRPYLYRRLPSRL
LPYPLYPRLLRYSPLYZZZZRZSLPLRLPPLR
YRRPPRZYRPRSZRPLRPPRYSLLLLSPYPRZ
SZRPLLPLYZPLLLYRPSLLPZPPLYSPLLPZ
ZSRYLLZPLLLPLYZYLSPZLLRPZYLPSYYP
LLSLPRLZZZPPRPZZSLZYZPSSPPZYSYRS
PLLLPPZLSZRYRPPLRPPRLRRSLZPPLSYP
LLSLLYSYPYYZZPPZPLSYLZYRRZZYRPPP
SSPLLLYSSRPPZZPZRPRRZYLLZYLLRSSY
PRLRPZZZYPRPLLZRPPZZLSPZRRPPLRRR
ZLYRPPLZYZYPSRYPRYPZRPLLYLZPSPYL
PRZSRZYSYZPYRPYPYSSPZYYPPRYZLSRP
PLLYLYYZSSYPPPZLRPLLYRLSLLYZPLPP
PRYZLPPLRYSSYRZPPPZRPRPLLYZPZPSS
ZYLLYRYLPYRZZZYZPRPRZRPRSLZPPLYR
RYYLLLLPZLYRSSSLRPZYZPPSZYPLYZZY
LPZYLSLPYLYLPZLLRYRLZSRZLSYSRYLP
PPSRRPPRYRRLZZZYPYPLRZPPPLSYRPPS
ZYLYRZYSZPLRRPRZSLLLYYPYRLYPRYLL
PPPRSLZSPPPZLLZPSRRPRSSPRPZZPSLL
YRPYZLLLLLSLLLZYLZZYRYRSPRPRLYZY
YYRZYPLPPSLLYZPLRZRPZSPZYPPZYZRP
PPRSLLLPYLLYSYZZPLSPYPYLYZYLZZRY
SRPRPRLYYPZYSPPZYRSRRRZSRYLLLPLY
PLPLSSYYLLLLYZLLSLRPPPYRZZRYPYLR
PSPLLZRLSRPYPRRZZPPPLLSPLLLPYZYS
SSYLYLSLYZLLYRLPSPRYPLRZPRPRYSRZ
LLLLLPLPLZRRRPZRLYYRPZYSLLLSPRPP
PPLPLSPLPYPRLLZRPPPPRLZRYLYZZPZZ
YPYZYZPRPYPSYSPPYPRPRYPYZZPPLZPL
YPYYZSYSLLYZRYZLPRYRPSSYPRRPLLPS
RYPPLZLRRZLLZYSZSRPPSPZPRYSZYRLP
LLLYZPSSZRYSLYYLYPPRPZRRPZZSLRZR
LLRRZZZPPRYYRSPPSSRZRSPPSSSLPLZY
ZLYRLPYSRZPYPSLYRSLLZRRPZLYYLLZY
PPRSSYZSZSZZRZSRSSRYLYYSPZSLPRPR
LPYZPZLSZPZSLRPRLRPRYZYYRYLYYLPR
LYPRYZPYYRSLLLPYLLRPSLZPLLZPZRPP
ZRPPYZZRSYYPYZRSRYZZYSPLRSYPLSPY
YZLPYZRPPPZPYLSPZPYLPLZRRLSRPPSY
SSLPPRSZLLLPLPSPRZRSRYYPPZSZLRPP
ZZPPPRRPRPPPYPYPZPPSPLYSPZZZYPRZ
YZZYLYYSSLPZPYYZZSYRLLRYLRZPPPPR
LRSZPPYPYSLLZSSYZZYRYPZYPLLLSSPL
YZLLZYZYRSZSYPLRPSPRLLPRYZLPYZYY
