PSPZLRZLZZLRPPRSPRYLPSYZLSLYYLRP
LLPSRPLLYLLLYSZZRSZRPRZRLZLSLRZS
LYSYLPYLSLLLSYRPLRZSYYPYZRZLPPPZ
SRPZZZRRPPPPRPZRLSSSPZSLLLYSRYPR
LPPPZYRPZPLPLYLLLRZSPYPYZZPRLSPZ
YRZZPSLLLYYSYYLPYPZLYLPSLLZPLYYZ
PLLLYSPLRPSLYYLPYSSZLPYYRRZZYRRZ
PPLLSZYYSZLLRYSPLPPRSLPRZSZPRPRZ
ZZRYLZYRLLLLRSPRYPZYSPLSLLLPLYYS
LRZPRLYLPPPPZRYPLPLLPZSPPRRZRPRL
RSRPLLZRRZYSRYLZLLSYPSLSPLZSRZYP
YLRYZLPRRYZZYLZYZYLLYZLYYLYZSPPR
SYSRZRYPLYLYPZLRRPRSSRLZSRPRLSPL
ZYYPSSSYPPLRSRPZZSPPYLSPPPPYRZSZ
LLRPPRLLPRLYPPRZYSLLYZPZLLPSPRLZ
YZZLZPZSPPYYZYSRPRRSSPSLRSPRRPLL
ZRRPSRPYZRZPZSZZLSLLLLPLLZYPLYYL
YYRLLYPLZZPZRLYRLYLSPZSLYRLLYLPZ
PYSRSRYZLLZYYSZZSRPYSLLSYSPZLLSY
LSLYZZPPLYYLLPYSPRLYZZRYPPRZZYPR
PRRRPRRPZZPPPLPSPPSYRRZRLYLLSSYS
LPLLPLLLYZLLLZYRPLYRYLLPPZSSPSZP
RYRLPSLZRPYZYZLLZYLYZSYSYPZYSSLL
ZZPRYZYLLYSYLLRYZPZPPPLSZPYRRPYR
LZRYYLPLSLPLPZRPSZRYPPPYZLZPPRZL
YPZRZLSRLPPRZZRYPLLYLSSLRPYLYZSY
PPZLYSPYLSLZRPLRLYLSYPZLYSLPZZPR
YSLLPLYLRYZLSLSSPZLSRPYPZSLPLRPP
PPYPZRLLYPZLSLYZRPRSRYZZRPLLSLPP
YLYZZLPPZLPRPRPYYZYZLLLPYPLLLSRP
PPYPZSLRLZYZYZSYZYYSPLPRPZSLLSLS
PLZYRYZZRZPYLRYPZPZPLYSLYPRSPRRP
ZPPZRSYYYZLYYLPYPSZLPRRYZPLSSLSL
LLLPPLZYLSZPRPPLLLSYRPRLRZZYSYZR
YYSPRPYPZRZRZZZRLLYLYSZPSSSLYZRP
LPSSLLPPLPLLYRPSLYYYPRRZPRRZPLYZ
LPSZRYSPRPZRLRRZRLLRRPRLPLLPLPSS
LSPLPYPZZZPPPYPYPLRPPPZRPZSRLRRP
YRLRZSZLYZLYLPYLPZSSSZPPPLLPSZYS
PYYZLLYZSSZPLYLPLZSZRPZLPPRSYPRP
RYLPPLPLZPZLZSYYZPYPLLLLYPRSLSPY
YLSPZPZPZYPLLPLPZLPYLSYZYYPPLRPP
RYPZPRPLRPZYRPZYLYLLSPZPYLLLSYZR
YPSZLLSSPRPYYLZZRYPLZYYZYZZSPSRY
RYZSPRZSPPRRSYLLLSSLRPZPRPRPYZLL
LPRPSPRZYRSZSYPRYRLYLLSLPYZZRPPR
ZRZYYZSYRRPPRRZPPZLLPZLSZYLLLLLL
PPZRSLYLZZYYLLLYZRZPSZSRPYPYSSRL
LPLYZSYRZPPZSPYSPPRRPZSPYSPZPYSR
YZLYYYLLPZPZPZPSRYSSZRZZYSZLYSLL
