0
642930
0
0
0
0
1054359
925754
102239
96693
231593
7874
0
0
0
0
314023
0
754353
0
5940
783539
0
8569
0
0
0
78
0
104541
0
123464
773830
0
457160
0
0
4355
109296
995244
369514
330578
0
16069
327206
84540
36696
0
0
0
136465
2893
0
504561
0
37625
0
0
0
0
0
0
9289
0
0
0
0
2740
0
0
36242
1543
262997
0
1089648
0
0
0
0
165072
0
8711
793216
358571
0
778688
0
638163
0
0
0
0
0
239110
0
12754
0
0
323866
23827
929928
21493
954238
0
7336
508961
908741
0
0
0
24374
0
9584
340865
5256
0
48262
0
320556
0
103384
0
0
0
10804
0
16684
208133
652488
0
0
0
150922
0
54796
0
3050
0
91434
70024
0
0
0
917310
0
0
11924
0
0
0
0
0
0
0
0
0
973452
0
0
0
5821
184569
0
0
0
0
0
0
6559
0
0
0
15
0
0
85494
76389
0
43752
44851
0
0
0
0
1056988
0
0
0
0
0
11278
710453
0
0
590907
97779
0
5476
0
977176
24099
0
0
0
0
21997
0
703
229142
0
0
522264
0
31710
0
0
0
0
0
205899
0
265766
156076
0
415739
3293
531217
317275
0
21
0
0
0
452940
0
0
373214
0
0
0
0
628651
0
0
0
23558
1076025
161411
0
1486
224316
159612
0
231
39567
990
0
10961
0
23029
1051678
0
0
609710
595
0
0
0
0
0
292045
105
5149
0
7469
0
27915
962043
474190
6308
0
0
337407
0
20029
0
72247
0
0
0
0
0
0
2665
20268
0
0
0
12586
253
657279
0
98876
57880
0
0
0
38582
0
4168
0
286004
0
0
854906
0
0
0
0
595592
53587
0
0
0
0
0
0
0
984507
581574
219586
886777
2591
0
0
0
938174
15277
1081
0
13437
16272
0
1015700
0
0
0
0
0
0
59147
384466
0
0
0
0
192877
0
15868
0
0
283019
120763
0
0
295103
0
544768
0
10034
0
0
958160
99985
0
526732
0
190
0
0
0
170721
19324
0
86458
1720
0
210
0
0
0
347865
0
0
0
10493
0
0
0
0
0
67873
0
695873
362192
0
0
0
0
904409
14332
0
1
0
0
831484
0
0
0
0
0
0
0
0
0
0
0
115531
0
0
432093
0
0
10648
195000
427977
980861
764098
0
81738
212655
0
0
12923
991680
0
729957
0
798041
495810
0
0
27290
3718
0
0
141121
152620
0
0
0
0
1080209
0
0
435
0
567663
478485
0
864128
0
378
0
0
6943
1028438
3895
903
0
0
0
0
3376
0
2518
0
0
0
0
17968
22509
623905
0
877790
1002242
0
1005674
0
0
0
0
52389
0
0
19093
0
0
0
1037513
0
0
0
0
0
0
22768
0
0
0
0
0
0
0
0
0
0
0
1064553
0
217255
0
0
487119
0
0
34496
26383
0
0
0
0
0
558459
82662
676520
0
817231
52987
950278
465645
149243
0
0
0
0
2446
0
0
0
0
0
0
0
34922
0
0
0
28235
0
0
0
0
46537
13612
0
0
71498
0
0
16893
0
11438
0
0
0
17532
4076
647705
32471
1660
0
0
333978
153
0
0
234071
50017
0
0
1781
38100
0
47683
0
0
0
90417
344351
0
176545
0
0
49429
0
0
0
1062087
419800
946
14893
0
1048946
0
891229
0
0
0
5044
93502
142709
0
29225
92462
0
0
549316
0
0
111749
108089
0
0
0
0
178524
0
0
0
0
0
0
0
199303
0
0
0
0
310799
0
1046163
0
500178
406
0
0
0
0
56633
840909
2035
0
32862
0
73004
57254
0
0
0
166934
0
0
0
868705
0
0
120
0
1843
921548
0
201483
66473
0
0
0
681348
1970
0
44299
0
0
0
0
0
19792
0
0
0
0
2236
0
1078146
861
0
0
0
0
0
0
0
9733
0
0
0
13093
36
1431
666
17749
0
0
0
0
0
28890
0
0
0
0
0
0
0
0
2816
18412
6184
802856
0
0
241668
0
0
0
0
0
11119
376940
1009061
411698
0
0
307603
0
0
0
1093261
0
0
14704
0
0
0
42141
139551
0
0
0
768966
0
744597
0
0
0
403680
0
116818
0
0
0
0
20509
40069
174585
528
2305
0
0
0
48844
788382
0
69299
0
3460
21744
89411
11761
0
0
0
0
0
4643
9436
0
0
0
87432
0
563053
298187
55405
0
25504
0
826748
0
64415
0
0
988114
110516
0
1378
0
129065
850262
0
74678
1176
0
448736
0
0
45970
845596
236577
154338
0
0
354976
252144
0
0
15669
0
30260
0
365840
304436
0
6686
8149
0
0
0
630
821997
0
8011
0
812452
0
0
0
2168
395926
0
1066962
0
0
0
0
0
13968
27600
3130
203682
0
0
0
0
0
41614
0
666885
0
491457
0
1082214
0
0
0
12253
79023
0
274205
157834
24652
5365
0
51793
0
0
51199
0
0
0
0
0
604994
553880
133451
0
168817
517813
0
180522
0
0
13264
0
56017
0
0
671699
0
0
0
171
0
399791
0
0
79919
0
22252
0
0
18189
33260
0
0
0
12419
91
0
0
734837
0
35795
301298
25217
137999
26682
1275
0
0
0
0
0
0
0
0
29565
6061
8998
3985
0
8854
0
0
300
0
62402
0
260250
172644
1018952
0
0
0
0
0
0
913041
461395
0
29910
0
2375
67170
0
836205
0
0
0
0
0
0
0
0
47108
0
407678
0
0
325
0
1012403
0
0
1128
0
186619
0
13789
1086049
749476
130509
77258
0
0
0
0
0
4840
126230
0
0
0
0
700727
715324
0
0
0
0
0
513379
0
351
0
0
0
0
65782
0
0
0
0
0
66
0
0
600288
633403
780
105711
0
351407
0
0
197142
0
30615
380691
535719
0
45
1225
32087
0
0
0
0
0
83596
10
0
0
882297
88416
0
3545
725077
0
946280
0
0
3806
80824
0
131971
0
1035
0
0
0
0
0
33665
190773
0
59788
268557
0
8428
1906
942245
1601
0
0
61741
134949
1073846
0
0
895652
68582
10186
0
0
436227
0
63739
0
249489
0
0
0
998765
576925
122106
289012
0
39071
0
0
0
0
0
136
739717
182537
0
0
0
0
0
0
496
28
214945
469910
0
0
0
0
0
0
0
0
1034534
0
1091358
0
147582
0
0
21244
0
75529
18637
0
0
34077
0
0
0
0
540236
15472
50607
119434
0
254823
4546
