0.000000
6149.193443
19420.840214
27636.867295
32320.909673
39336.051653
44020.210169
50210.052251
56040.906476
63149.783321
64673.708844
68190.369903
70776.698575
75868.170661
86468.522023
90355.076409
92187.164289
92355.820745
95329.923971
96911.450133
101771.661034
106930.941022
108550.943800
111740.054177
114381.963525
119242.762328
121755.867976
126712.014967
130055.678228
131949.601405
132887.333243
134787.720835
136341.619158
140092.225776
142968.501841
145747.475032
147582.723517
151853.124201
154146.039376
158166.362870
160295.629880
162070.421417
167024.861042
167711.873415
169757.803277
170618.192142
172022.305030
173554.514545
174407.519821
174753.756734
176221.033122
178425.460712
184232.373145
185976.892850
188447.366691
189414.153120
190996.390776
192854.927835
193808.733895
194268.655628
195262.464462
197388.080844
201807.996227
204098.039022
204703.931752
205439.829842
208349.993583
209950.469138
212864.984535
213552.410167
214744.469310
217201.220417
219753.462568
222544.852903
224266.637152
226169.491061
226756.923610
231360.298134
232789.637142
233952.845206
236725.304403
237977.400645
240675.263874
242047.969232
242569.398038
244055.255703
246632.933922
247621.009323
249121.269634
251018.067199
251848.847555
254105.576382
255516.979230
256416.019830
257512.824735
258737.825960
260849.414224
263355.966638
265853.661575
269282.999849
