0 oo 0 0 oo oo oo oo 0 oo 0 oo 0 oo oo 0 0 oo oo oo 
0 0 oo oo 0 oo oo oo oo oo oo oo 0 oo 0 oo 0 0 oo oo 
0 oo 0 oo oo oo oo 0 oo 0 0 0 oo oo 0 oo 0 0 0 oo 
oo 0 0 oo 0 oo oo oo 0 0 oo oo 0 oo oo 0 oo 0 oo oo 
0 oo oo oo oo oo oo oo oo oo 0 oo 0 0 0 0 oo oo oo oo 
0 0 0 oo 0 oo 0 oo oo 0 0 oo 0 oo oo 0 oo oo oo 0 
0 0 0 0 0 oo 0 oo 0 oo 0 oo oo oo oo oo 0 oo 0 oo 
oo oo oo 0 oo oo oo 0 0 oo 0 0 oo 0 0 oo 0 oo oo oo 
oo oo 0 oo oo oo oo oo 0 0 oo oo 0 0 oo oo 0 oo oo oo 
oo oo oo 0 oo 0 oo 0 0 oo oo oo 0 oo 0 0 oo oo oo 0 
0 0 oo oo 0 oo oo 0 oo oo 0 oo oo 0 oo 0 0 oo 0 0 
0 oo oo oo 0 oo oo oo 0 oo oo 0 oo oo oo 0 0 0 0 0 
oo oo oo 0 oo 0 oo 0 0 0 0 oo 0 oo oo oo oo 0 oo 0 
oo 0 oo oo oo oo 0 oo 0 oo oo oo 0 0 oo oo 0 oo oo 0 
oo oo oo oo oo oo oo 0 0 0 0 oo oo oo 0 oo oo oo 0 oo 
0 0 oo oo 0 oo oo 0 oo 0 oo 0 0 oo 0 0 oo oo oo 0 
oo oo oo 0 oo 0 oo oo oo oo oo oo oo 0 oo 0 0 0 oo oo 
oo 0 oo 0 oo 0 oo 0 oo 0 oo oo 0 oo oo oo 0 0 oo oo 
oo oo 0 oo 0 oo oo 0 0 oo 0 oo oo oo 0 oo 0 0 oo 0 
oo 0 oo oo 0 0 0 0 oo oo 0 oo oo 0 0 oo 0 oo oo oo 
0 oo oo oo 0 oo oo oo 0 oo 0 oo oo oo oo 0 0 oo 0 oo 
oo oo oo 0 0 0 0 0 0 0 oo 0 oo 0 oo 0 oo oo oo oo 
oo oo 0 0 0 0 oo oo oo oo oo 0 oo oo 0 oo 0 0 0 0 
0 oo 0 oo oo oo oo oo 0 oo oo oo 0 oo oo 0 0 0 oo oo 
oo oo oo oo oo 0 oo 0 oo oo 0 oo 0 0 oo oo 0 0 oo 0 
oo 0 0 oo 0 oo oo oo oo oo 0 oo oo oo 0 oo oo oo 0 oo 
0 oo 0 0 0 oo oo oo oo oo 0 oo oo oo oo oo oo oo oo 0 
0 oo oo oo oo oo 0 oo oo oo 0 0 0 oo oo 0 0 0 0 0 
oo 0 0 oo oo oo oo oo oo oo 0 oo 0 oo 0 0 0 0 oo 0 
oo oo oo oo 0 oo 0 oo 0 0 0 0 oo oo oo oo 0 oo 0 oo 
oo oo 0 oo oo oo oo oo oo oo 0 0 0 0 oo oo oo 0 oo oo 
0 0 0 0 oo 0 oo oo oo 0 oo oo oo oo 0 oo oo 0 0 oo 
oo 0 0 oo oo 0 oo oo oo 0 oo oo oo oo oo 0 0 oo 0 0 
oo oo 0 oo oo 0 oo oo oo oo oo 0 oo oo 0 0 oo 0 oo oo 
0 oo 0 0 oo 0 0 0 0 0 oo oo oo oo oo 0 oo oo oo oo 
0 oo 0 0 0 0 0 0 oo oo 0 0 oo 0 oo oo oo oo oo oo 
oo 0 0 oo oo 0 oo 0 oo 0 oo 0 0 0 oo oo 0 oo 0 oo 
0 0 oo 0 0 oo oo 0 0 oo oo oo oo 0 oo oo oo 0 oo 0 
oo oo 0 0 oo 0 0 oo 0 0 0 0 oo oo 0 oo oo oo oo 0 
0 oo oo oo oo 0 0 0 0 oo oo oo 0 oo oo oo 0 0 oo 0 
oo 0 oo oo oo 0 oo oo oo 0 0 oo oo oo 0 0 0 oo 0 0 
0 oo oo oo oo oo 0 oo 0 oo oo oo 0 oo oo 0 0 0 oo 0 
oo oo 0 0 oo oo 0 0 0 0 oo 0 oo 0 oo 0 oo oo 0 oo 
0 oo 0 0 oo oo oo oo oo 0 oo oo 0 0 oo oo 0 0 oo 0 
0 oo 0 0 oo 0 0 0 oo oo oo oo 0 oo oo oo oo oo 0 oo 
0 oo oo oo 0 oo oo oo oo 0 0 oo 0 oo oo oo 0 oo oo 0 
0 oo 0 0 0 oo oo oo oo oo oo 0 0 oo oo oo oo oo oo 0 
oo oo oo 0 0 oo oo oo 0 oo oo oo oo oo oo 0 oo 0 oo 0 
oo 0 oo oo 0 oo oo oo oo oo 0 oo oo oo oo 0 0 oo oo 0 
0 0 0 oo 0 oo oo oo 0 oo oo oo oo oo 0 0 0 oo oo oo 
0 oo oo 0 oo oo oo oo oo oo oo oo 0 0 0 0 oo 0 oo oo 
oo 0 0 0 oo 0 0 0 oo 0 oo 0 oo oo oo 0 0 oo oo oo 
oo oo oo oo 0 oo oo 0 oo 0 oo oo oo 0 oo 0 0 oo 0 0 
0 oo oo oo oo oo 0 0 oo 0 oo oo oo 0 0 oo 0 0 0 0 
0 oo oo 0 oo oo oo 0 oo oo oo oo oo oo 0 0 oo 0 oo 0 
oo oo oo oo oo 0 oo oo 0 0 oo 0 oo 0 oo oo 0 oo 0 0 
0 oo 0 oo 0 oo oo 0 0 0 0 0 oo oo oo oo 0 oo oo 0 
oo 0 0 oo oo 0 oo 0 oo 0 oo oo oo oo 0 oo 0 oo oo oo 
0 oo 0 oo oo oo oo 0 oo oo 0 0 oo 0 0 oo oo oo oo 0 
oo oo oo 0 0 oo 0 oo oo 0 0 oo oo oo 0 oo 0 oo 0 0 
oo oo oo 0 oo 0 oo 0 oo 0 oo oo oo oo 0 oo oo oo 0 oo 
0 oo 0 0 0 0 0 oo oo oo 0 oo 0 oo oo oo 0 oo 0 oo 
oo oo 0 oo oo oo 0 oo oo 0 oo oo 0 oo oo oo 0 0 oo oo 
oo oo 0 oo oo 0 oo oo 0 0 0 oo 0 oo oo oo oo oo 0 oo 
oo 0 0 oo oo oo oo oo oo 0 oo 0 oo 0 0 oo 0 oo oo oo 
0 oo oo 0 oo 0 0 0 oo 0 oo oo oo oo oo oo 0 oo 0 0 
0 oo 0 oo oo oo 0 0 0 oo oo oo 0 0 0 oo oo 0 oo 0 
0 oo oo oo oo 0 0 0 0 oo oo 0 0 oo 0 oo oo oo 0 0 
0 oo oo 0 0 oo 0 0 oo oo 0 0 oo oo oo oo oo 0 oo 0 
0 0 oo 0 0 0 oo 0 0 oo oo oo oo oo oo oo 0 0 oo 0 
0 0 oo oo oo oo oo oo 0 oo oo oo 0 0 oo oo oo 0 oo 0 
0 oo oo 0 oo 0 0 oo 0 oo 0 oo oo oo oo oo 0 0 oo 0 
0 oo oo 0 0 0 0 oo oo oo oo oo oo oo oo 0 0 0 0 oo 
0 oo oo oo 0 oo 0 0 0 oo 0 oo oo 0 0 0 oo 0 oo oo 
oo 0 oo 0 0 0 0 0 0 oo oo oo 0 oo oo 0 oo oo oo 0 
0 0 oo oo oo oo oo 0 oo oo oo oo oo oo 0 0 oo oo 0 oo 
0 oo 0 0 oo 0 oo oo 0 oo 0 oo 0 oo oo oo 0 oo 0 0 
oo oo 0 oo oo 0 0 oo oo 0 0 oo 0 oo oo 0 oo oo 0 0 
oo oo oo oo 0 0 oo 0 oo 0 0 0 oo oo 0 oo 0 oo oo 0 
oo 0 oo 0 oo 0 oo oo oo oo oo 0 0 oo 0 oo oo oo oo oo 
oo 0 oo oo 0 oo oo oo 0 0 0 0 0 0 0 oo oo oo oo 0 
oo 0 0 oo 0 oo oo oo 0 0 oo oo oo oo 0 oo 0 oo oo 0 
oo oo oo oo oo oo 0 0 oo 0 0 0 0 oo oo 0 oo 0 oo oo 
oo 0 oo oo oo oo oo 0 0 oo 0 0 0 oo oo 0 oo oo oo 0 
oo oo 0 0 oo oo oo 0 oo oo 0 oo 0 oo oo 0 0 0 oo 0 
oo 0 oo oo 0 0 oo oo oo 0 oo 0 0 oo 0 oo 0 0 0 oo 
0 0 oo oo oo 0 oo 0 oo 0 0 0 oo oo 0 oo oo oo oo oo 
oo oo oo 0 0 oo 0 0 0 0 0 0 oo oo oo 0 0 oo oo oo 
oo oo 0 oo oo 0 0 oo oo 0 0 oo oo oo oo oo 0 0 0 oo 
0 0 oo oo oo 0 oo oo 0 0 0 oo oo 0 oo 0 oo 0 oo 0 
0 oo oo oo 0 0 oo 0 0 oo 0 oo 0 oo oo oo oo 0 0 oo 
oo 0 oo 0 0 0 oo oo oo 0 oo oo 0 oo 0 oo oo oo oo oo 
0 0 oo 0 oo 0 oo oo oo 0 oo 0 0 oo oo oo 0 0 0 oo 
0 oo oo 0 0 oo oo 0 oo 0 0 oo oo oo oo oo 0 0 oo 0 
0 oo oo 0 oo oo oo 0 oo 0 oo oo oo oo oo 0 0 0 oo oo 
oo 0 oo 0 oo oo 0 0 oo 0 oo oo 0 oo 0 oo 0 oo 0 0 
oo oo oo 0 oo oo 0 0 oo oo oo 0 oo oo 0 0 oo 0 oo oo 
0 oo 0 oo 0 oo oo oo oo oo 0 oo 0 oo 0 0 oo 0 oo oo 
0 0 oo 0 oo 0 0 oo oo 0 0 oo oo 0 oo oo oo 0 0 oo 
oo oo oo oo 0 oo 0 oo oo oo 0 0 0 0 oo 0 0 0 oo 0 
getacujpbajbeaojbfctfjjlmcrgapoxolwrllwdejiratsxdtenciqtrnrhwfumbyyuaiovosbderjgxcwqswxgcermmguqyjea
0